<?xml version="1.0" encoding="UTF-8"?>
<!-- Generated by org.testng.reporters.JUnitReportReporter -->
<testsuite hostname="Hassan" failures="0" tests="4" name="TestNG.implementation.Class3" time="0.014" errors="0" timestamp="2023-12-01T17:26:37 PKT" skipped="0">
  <testcase classname="TestNG.implementation.Class3" name="test15" time="0.004"/>
  <system-out/>
  <testcase classname="TestNG.implementation.Class3" name="test11" time="0.002"/>
  <system-out/>
  <testcase classname="TestNG.implementation.Class3" name="test12" time="0.005"/>
  <system-out/>
  <testcase classname="TestNG.implementation.Class3" name="test14" time="0.003"/>
  <system-out/>
</testsuite> <!-- TestNG.implementation.Class3 -->
