<?xml version="1.0" encoding="UTF-8"?>
<!-- Generated by org.testng.reporters.JUnitReportReporter -->
<testsuite hostname="Hassan" failures="0" tests="4" name="TestNG.implementation.Class2" time="0.016" errors="0" timestamp="2023-12-01T17:26:37 PKT" skipped="0">
  <testcase classname="TestNG.implementation.Class2" name="test5" time="0.005"/>
  <system-out/>
  <testcase classname="TestNG.implementation.Class2" name="test8" time="0.004"/>
  <system-out/>
  <testcase classname="TestNG.implementation.Class2" name="test7" time="0.003"/>
  <system-out/>
  <testcase classname="TestNG.implementation.Class2" name="test6" time="0.004"/>
  <system-out/>
</testsuite> <!-- TestNG.implementation.Class2 -->
