<?xml version="1.0" encoding="UTF-8"?>
<!-- Generated by org.testng.reporters.JUnitReportReporter -->
<testsuite hostname="Hassan" failures="0" tests="4" name="TestNG.implementation.Class1" time="0.046" errors="0" timestamp="2023-12-01T17:26:37 PKT" skipped="0">
  <testcase classname="TestNG.implementation.Class1" name="test1" time="0.035"/>
  <system-out/>
  <testcase classname="TestNG.implementation.Class1" name="test2" time="0.003"/>
  <system-out/>
  <testcase classname="TestNG.implementation.Class1" name="test4" time="0.003"/>
  <system-out/>
  <testcase classname="TestNG.implementation.Class1" name="test3" time="0.005"/>
  <system-out/>
</testsuite> <!-- TestNG.implementation.Class1 -->
