<?xml version="1.0" encoding="UTF-8"?>
<!-- Generated by org.testng.reporters.JUnitReportReporter -->
<testsuite hostname="Hassan" failures="0" tests="2" name="TestNG.implementation.Assignment8" time="0.005" errors="0" timestamp="2023-12-01T17:26:37 PKT" skipped="0">
  <testcase classname="TestNG.implementation.Assignment8" name="test4" time="0.003"/>
  <system-out/>
  <testcase classname="TestNG.implementation.Assignment8" name="test3" time="0.002"/>
  <system-out/>
</testsuite> <!-- TestNG.implementation.Assignment8 -->
